<?xml version="1.0" encoding="UTF-8"?>
<testsuite name="com.ceiba.parking.ceibaparking.CeibaParkingApplicationTests" tests="1" skipped="0" failures="0" errors="0" timestamp="2018-08-27T14:00:13" hostname="JONATHAN-MUNOZ" time="0.004">
  <properties/>
  <testcase name="contextLoads" classname="com.ceiba.parking.ceibaparking.CeibaParkingApplicationTests" time="0.004"/>
  <system-out><![CDATA[2018-08-27 09:00:13.132  INFO 137456 --- [    Test worker] .b.t.c.SpringBootTestContextBootstrapper : Neither @ContextConfiguration nor @ContextHierarchy found for test class [com.ceiba.parking.ceibaparking.CeibaParkingApplicationTests], using SpringBootContextLoader
2018-08-27 09:00:13.133  INFO 137456 --- [    Test worker] o.s.t.c.support.AbstractContextLoader    : Could not detect default resource locations for test class [com.ceiba.parking.ceibaparking.CeibaParkingApplicationTests]: no resource found for suffixes {-context.xml, Context.groovy}.
2018-08-27 09:00:13.133  INFO 137456 --- [    Test worker] t.c.s.AnnotationConfigContextLoaderUtils : Could not detect default configuration classes for test class [com.ceiba.parking.ceibaparking.CeibaParkingApplicationTests]: CeibaParkingApplicationTests does not declare any static, non-private, non-final, nested classes annotated with @Configuration.
2018-08-27 09:00:13.136  INFO 137456 --- [    Test worker] .b.t.c.SpringBootTestContextBootstrapper : Found @SpringBootConfiguration com.ceiba.parking.CeibaParkingApplication for test class com.ceiba.parking.ceibaparking.CeibaParkingApplicationTests
2018-08-27 09:00:13.139  INFO 137456 --- [    Test worker] .b.t.c.SpringBootTestContextBootstrapper : Loaded default TestExecutionListener class names from location [META-INF/spring.factories]: [org.springframework.boot.test.autoconfigure.restdocs.RestDocsTestExecutionListener, org.springframework.boot.test.autoconfigure.web.client.MockRestServiceServerResetTestExecutionListener, org.springframework.boot.test.autoconfigure.web.servlet.MockMvcPrintOnlyOnFailureTestExecutionListener, org.springframework.boot.test.autoconfigure.web.servlet.WebDriverTestExecutionListener, org.springframework.boot.test.mock.mockito.MockitoTestExecutionListener, org.springframework.boot.test.mock.mockito.ResetMocksTestExecutionListener, org.springframework.test.context.web.ServletTestExecutionListener, org.springframework.test.context.support.DirtiesContextBeforeModesTestExecutionListener, org.springframework.test.context.support.DependencyInjectionTestExecutionListener, org.springframework.test.context.support.DirtiesContextTestExecutionListener, org.springframework.test.context.transaction.TransactionalTestExecutionListener, org.springframework.test.context.jdbc.SqlScriptsTestExecutionListener]
2018-08-27 09:00:13.139  INFO 137456 --- [    Test worker] .b.t.c.SpringBootTestContextBootstrapper : Using TestExecutionListeners: [org.springframework.test.context.web.ServletTestExecutionListener@3b7e8fbe, org.springframework.test.context.support.DirtiesContextBeforeModesTestExecutionListener@6c7e9529, org.springframework.boot.test.mock.mockito.MockitoTestExecutionListener@1d08eb32, org.springframework.boot.test.autoconfigure.SpringBootDependencyInjectionTestExecutionListener@a927ebf, org.springframework.test.context.support.DirtiesContextTestExecutionListener@45de032c, org.springframework.test.context.transaction.TransactionalTestExecutionListener@5d110163, org.springframework.test.context.jdbc.SqlScriptsTestExecutionListener@71a2088, org.springframework.boot.test.autoconfigure.restdocs.RestDocsTestExecutionListener@1ee4c152, org.springframework.boot.test.autoconfigure.web.client.MockRestServiceServerResetTestExecutionListener@2b9676c1, org.springframework.boot.test.autoconfigure.web.servlet.MockMvcPrintOnlyOnFailureTestExecutionListener@7e5970c9, org.springframework.boot.test.autoconfigure.web.servlet.WebDriverTestExecutionListener@289111ea, org.springframework.boot.test.mock.mockito.ResetMocksTestExecutionListener@10c7abfb]
]]></system-out>
  <system-err><![CDATA[]]></system-err>
</testsuite>
