<?xml version="1.0" encoding="UTF-8"?>
<testsuite name="com.ceiba.parking.ceibaparking.CeibaParkingApplicationTests" tests="1" skipped="0" failures="0" errors="0" timestamp="2018-08-27T13:53:53" hostname="JONATHAN-MUNOZ" time="0.004">
  <properties/>
  <testcase name="contextLoads" classname="com.ceiba.parking.ceibaparking.CeibaParkingApplicationTests" time="0.004"/>
  <system-out><![CDATA[2018-08-27 08:53:53.565  INFO 162664 --- [    Test worker] .b.t.c.SpringBootTestContextBootstrapper : Neither @ContextConfiguration nor @ContextHierarchy found for test class [com.ceiba.parking.ceibaparking.CeibaParkingApplicationTests], using SpringBootContextLoader
2018-08-27 08:53:53.567  INFO 162664 --- [    Test worker] o.s.t.c.support.AbstractContextLoader    : Could not detect default resource locations for test class [com.ceiba.parking.ceibaparking.CeibaParkingApplicationTests]: no resource found for suffixes {-context.xml, Context.groovy}.
2018-08-27 08:53:53.567  INFO 162664 --- [    Test worker] t.c.s.AnnotationConfigContextLoaderUtils : Could not detect default configuration classes for test class [com.ceiba.parking.ceibaparking.CeibaParkingApplicationTests]: CeibaParkingApplicationTests does not declare any static, non-private, non-final, nested classes annotated with @Configuration.
2018-08-27 08:53:53.577  INFO 162664 --- [    Test worker] .b.t.c.SpringBootTestContextBootstrapper : Found @SpringBootConfiguration com.ceiba.parking.CeibaParkingApplication for test class com.ceiba.parking.ceibaparking.CeibaParkingApplicationTests
2018-08-27 08:53:53.581  INFO 162664 --- [    Test worker] .b.t.c.SpringBootTestContextBootstrapper : Loaded default TestExecutionListener class names from location [META-INF/spring.factories]: [org.springframework.boot.test.autoconfigure.restdocs.RestDocsTestExecutionListener, org.springframework.boot.test.autoconfigure.web.client.MockRestServiceServerResetTestExecutionListener, org.springframework.boot.test.autoconfigure.web.servlet.MockMvcPrintOnlyOnFailureTestExecutionListener, org.springframework.boot.test.autoconfigure.web.servlet.WebDriverTestExecutionListener, org.springframework.boot.test.mock.mockito.MockitoTestExecutionListener, org.springframework.boot.test.mock.mockito.ResetMocksTestExecutionListener, org.springframework.test.context.web.ServletTestExecutionListener, org.springframework.test.context.support.DirtiesContextBeforeModesTestExecutionListener, org.springframework.test.context.support.DependencyInjectionTestExecutionListener, org.springframework.test.context.support.DirtiesContextTestExecutionListener, org.springframework.test.context.transaction.TransactionalTestExecutionListener, org.springframework.test.context.jdbc.SqlScriptsTestExecutionListener]
2018-08-27 08:53:53.582  INFO 162664 --- [    Test worker] .b.t.c.SpringBootTestContextBootstrapper : Using TestExecutionListeners: [org.springframework.test.context.web.ServletTestExecutionListener@3dc4f2f, org.springframework.test.context.support.DirtiesContextBeforeModesTestExecutionListener@68d5306f, org.springframework.boot.test.mock.mockito.MockitoTestExecutionListener@76b0f3dd, org.springframework.boot.test.autoconfigure.SpringBootDependencyInjectionTestExecutionListener@767e0423, org.springframework.test.context.support.DirtiesContextTestExecutionListener@173a88f4, org.springframework.test.context.transaction.TransactionalTestExecutionListener@562d9434, org.springframework.test.context.jdbc.SqlScriptsTestExecutionListener@27f2ab37, org.springframework.boot.test.autoconfigure.restdocs.RestDocsTestExecutionListener@21abfcf6, org.springframework.boot.test.autoconfigure.web.client.MockRestServiceServerResetTestExecutionListener@6215bd1f, org.springframework.boot.test.autoconfigure.web.servlet.MockMvcPrintOnlyOnFailureTestExecutionListener@58a3095d, org.springframework.boot.test.autoconfigure.web.servlet.WebDriverTestExecutionListener@6a3aba6d, org.springframework.boot.test.mock.mockito.ResetMocksTestExecutionListener@1488b790]
]]></system-out>
  <system-err><![CDATA[]]></system-err>
</testsuite>
